<?xml version="1.0" encoding="UTF-8"?>
<!-- Generated by org.testng.reporters.JUnitXMLReporter -->
<testsuite hostname="DESKTOP-MMP20CP" ignored="3" name="Test" tests="1" failures="0" timestamp="2021-03-09T20:08:58 IST" time="0.041" errors="0">
  <testcase name="mobilesearch" time="0.005" classname="com.Testng_Concept.Ignore_Concept"/>
  <testcase name="booksearch" time="0.0" classname="com.Testng_Concept.Ignore_Concept">
    <ignored/>
  </testcase> <!-- booksearch -->
  <testcase name="laptopSerach" time="0.0" classname="com.Testng_Concept.Ignore_Concept">
    <ignored/>
  </testcase> <!-- laptopSerach -->
  <testcase name="earPhone" time="0.0" classname="com.Testng_Concept.Ignore_Concept">
    <ignored/>
  </testcase> <!-- earPhone -->
</testsuite> <!-- Test -->
