<?xml version="1.0" encoding="UTF-8"?>
<testng-results skipped="0" failed="0" ignored="0" total="1" passed="1">
  <reporter-output>
  </reporter-output>
  <suite name="Default suite" duration-ms="73" started-at="2021-03-11T17:25:59 IST" finished-at="2021-03-11T17:25:59 IST">
    <groups>
    </groups>
    <test name="Default test" duration-ms="73" started-at="2021-03-11T17:25:59 IST" finished-at="2021-03-11T17:25:59 IST">
      <class name="com.Testng_Concept.Softassert_Concept">
        <test-method status="PASS" signature="credentials()[pri:0, instance:com.Testng_Concept.Softassert_Concept@4b4523f8]" name="credentials" duration-ms="24" started-at="2021-03-11T17:25:59 IST" finished-at="2021-03-11T17:25:59 IST">
          <reporter-output>
          </reporter-output>
        </test-method> <!-- credentials -->
      </class> <!-- com.Testng_Concept.Softassert_Concept -->
    </test> <!-- Default test -->
  </suite> <!-- Default suite -->
</testng-results>
